{
  "stats": {
    "suites": 1,
    "tests": 6,
    "passes": 6,
    "pending": 0,
    "failures": 0,
    "start": "2024-02-13T10:54:09.863Z",
    "end": "2024-02-13T10:54:19.039Z",
    "duration": 9176,
    "testsRegistered": 6,
    "passPercent": 100,
    "pendingPercent": 0,
    "other": 0,
    "hasOther": false,
    "skipped": 0,
    "hasSkipped": false
  },
  "results": [
    {
      "uuid": "4205139a-56a9-4f88-8e3b-d65e5a69f08c",
      "title": "",
      "fullFile": "cypress\\e2e\\SignIn_page.cy.js",
      "file": "cypress\\e2e\\SignIn_page.cy.js",
      "beforeHooks": [],
      "afterHooks": [],
      "tests": [],
      "suites": [
        {
          "uuid": "4861a022-72d0-41e9-8c1b-618b4266eb84",
          "title": "Sign in page test cases",
          "fullFile": "",
          "file": "",
          "beforeHooks": [],
          "afterHooks": [],
          "tests": [
            {
              "title": "login with invalid email",
              "fullTitle": "Sign in page test cases login with invalid email",
              "timedOut": null,
              "duration": 2166,
              "state": "passed",
              "speed": "fast",
              "pass": true,
              "fail": false,
              "pending": false,
              "context": null,
              "code": "cy.get('#email').type('ahmedmemo878@gmail.com');\ncy.get('#password').type('12345678');\ncy.get('#login-form > .justify-center').click();",
              "err": {},
              "uuid": "be5de3af-6d4e-4881-9a49-4198eb29769b",
              "parentUUID": "4861a022-72d0-41e9-8c1b-618b4266eb84",
              "isHook": false,
              "skipped": false
            },
            {
              "title": "login with invalid Password",
              "fullTitle": "Sign in page test cases login with invalid Password",
              "timedOut": null,
              "duration": 1051,
              "state": "passed",
              "speed": "fast",
              "pass": true,
              "fail": false,
              "pending": false,
              "context": null,
              "code": "cy.get('#email').type('ahmedmemon@gmail.com');\ncy.get('#password').type('ahmedmemon');\ncy.get('#login-form > .justify-center').click();",
              "err": {},
              "uuid": "e7dc4045-88c3-43a1-8ce8-0f19dde5320c",
              "parentUUID": "4861a022-72d0-41e9-8c1b-618b4266eb84",
              "isHook": false,
              "skipped": false
            },
            {
              "title": "Left the Email field and click on login button",
              "fullTitle": "Sign in page test cases Left the Email field and click on login button",
              "timedOut": null,
              "duration": 591,
              "state": "passed",
              "speed": "fast",
              "pass": true,
              "fail": false,
              "pending": false,
              "context": null,
              "code": "// cy.get('#email').type('')\ncy.get('#password').type('12345678');\ncy.get('#login-form > .justify-center').click();",
              "err": {},
              "uuid": "f40c2619-51f9-43bf-99e2-889fc07d72cc",
              "parentUUID": "4861a022-72d0-41e9-8c1b-618b4266eb84",
              "isHook": false,
              "skipped": false
            },
            {
              "title": "Left the Password field and click on login button",
              "fullTitle": "Sign in page test cases Left the Password field and click on login button",
              "timedOut": null,
              "duration": 740,
              "state": "passed",
              "speed": "fast",
              "pass": true,
              "fail": false,
              "pending": false,
              "context": null,
              "code": "cy.get('#email').type('ahmedmemon@gmail.com');\n// cy.get('#password').type('ahmedmemon')\ncy.get('#login-form > .justify-center').click();",
              "err": {},
              "uuid": "d7f2e5a4-6d2c-4be8-bc6a-3901772aaf1d",
              "parentUUID": "4861a022-72d0-41e9-8c1b-618b4266eb84",
              "isHook": false,
              "skipped": false
            },
            {
              "title": "Click on show password button",
              "fullTitle": "Sign in page test cases Click on show password button",
              "timedOut": null,
              "duration": 1030,
              "state": "passed",
              "speed": "fast",
              "pass": true,
              "fail": false,
              "pending": false,
              "context": null,
              "code": "cy.get('#email').type('ahmedmemon@gmail.com');\ncy.get('#password').type('12345678');\ncy.get('#show-hide-password').click();\ncy.get('#login-form > .justify-center').click();",
              "err": {},
              "uuid": "3f775aa0-8114-4367-9c78-2a090945f98d",
              "parentUUID": "4861a022-72d0-41e9-8c1b-618b4266eb84",
              "isHook": false,
              "skipped": false
            },
            {
              "title": "login with valid email and Password",
              "fullTitle": "Sign in page test cases login with valid email and Password",
              "timedOut": null,
              "duration": 955,
              "state": "passed",
              "speed": "fast",
              "pass": true,
              "fail": false,
              "pending": false,
              "context": null,
              "code": "cy.get('#email').type('ahmedmemon@gmail.com');\ncy.get('#password').type('12345678');\ncy.get('#login-form > .justify-center').click();",
              "err": {},
              "uuid": "1d40468a-a2aa-4176-a894-019a3c214bcc",
              "parentUUID": "4861a022-72d0-41e9-8c1b-618b4266eb84",
              "isHook": false,
              "skipped": false
            }
          ],
          "suites": [],
          "passes": [
            "be5de3af-6d4e-4881-9a49-4198eb29769b",
            "e7dc4045-88c3-43a1-8ce8-0f19dde5320c",
            "f40c2619-51f9-43bf-99e2-889fc07d72cc",
            "d7f2e5a4-6d2c-4be8-bc6a-3901772aaf1d",
            "3f775aa0-8114-4367-9c78-2a090945f98d",
            "1d40468a-a2aa-4176-a894-019a3c214bcc"
          ],
          "failures": [],
          "pending": [],
          "skipped": [],
          "duration": 6533,
          "root": false,
          "rootEmpty": false,
          "_timeout": 2000
        }
      ],
      "passes": [],
      "failures": [],
      "pending": [],
      "skipped": [],
      "duration": 0,
      "root": true,
      "rootEmpty": true,
      "_timeout": 2000
    }
  ],
  "meta": {
    "mocha": {
      "version": "7.0.1"
    },
    "mochawesome": {
      "options": {
        "quiet": false,
        "reportFilename": "mochawesome",
        "saveHtml": true,
        "saveJson": true,
        "consoleReporter": "spec",
        "useInlineDiffs": false,
        "code": true
      },
      "version": "7.1.3"
    },
    "marge": {
      "options": null,
      "version": "6.2.0"
    }
  }
}